<?xml version="1.0" encoding="UTF-8"?>
<testng-results ignored="0" total="1" passed="1" failed="0" skipped="0">
  <reporter-output>
  </reporter-output>
  <suite started-at="2026-05-26T21:09:31 IST" name="Default suite" finished-at="2026-05-26T21:09:33 IST" duration-ms="1876">
    <groups>
    </groups>
    <test started-at="2026-05-26T21:09:31 IST" name="Default test" finished-at="2026-05-26T21:09:33 IST" duration-ms="1876">
      <class name="baseLibrary.BaseLibrary">
        <test-method signature="launchurl()[pri:0, instance:baseLibrary.BaseLibrary@3270d194]" started-at="2026-05-26T21:09:31 IST" name="launchurl" finished-at="2026-05-26T21:09:33 IST" duration-ms="1839" status="PASS">
          <reporter-output>
          </reporter-output>
        </test-method> <!-- launchurl -->
      </class> <!-- baseLibrary.BaseLibrary -->
    </test> <!-- Default test -->
  </suite> <!-- Default suite -->
</testng-results>
