<?xml version="1.0" encoding="UTF-8"?>
<testng-results ignored="0" total="1" passed="1" failed="0" skipped="0">
  <reporter-output>
  </reporter-output>
  <suite started-at="2026-05-26T22:51:39 IST" name="Suite" finished-at="2026-05-26T22:51:42 IST" duration-ms="3612">
    <groups>
    </groups>
    <test started-at="2026-05-26T22:51:39 IST" name="Test" finished-at="2026-05-26T22:51:42 IST" duration-ms="3612">
      <class name="baseLibrary.BaseLibrary">
        <test-method signature="launchurl()[pri:0, instance:baseLibrary.BaseLibrary@28eaa59a]" started-at="2026-05-26T22:51:39 IST" name="launchurl" finished-at="2026-05-26T22:51:42 IST" duration-ms="3564" status="PASS">
          <reporter-output>
          </reporter-output>
        </test-method> <!-- launchurl -->
      </class> <!-- baseLibrary.BaseLibrary -->
    </test> <!-- Test -->
  </suite> <!-- Suite -->
</testng-results>
